[2014-05-04 10:28:14] tests\unit\models\AccountFormTest::testUpdateUser.INFO: PASSED [] []
[2014-05-04 10:28:16] tests\unit\models\ContactFormTest::testSendGuest.INFO: PASSED [] []
[2014-05-04 10:28:18] tests\unit\models\ContactFormTest::testPrefillUser.INFO: PASSED [] []
[2014-05-04 10:28:21] tests\unit\models\ContactFormTest::testMissingEmail.INFO: PASSED [] []
[2014-05-04 10:28:24] tests\unit\models\ContactFormTest::testWrongCaptcha.INFO: PASSED [] []
[2014-05-04 10:28:26] tests\unit\models\LoginFormTest::testLoginNoUser.INFO: PASSED [] []
[2014-05-04 10:28:29] tests\unit\models\LoginFormTest::testLoginWrongPassword.INFO: PASSED [] []
[2014-05-04 10:28:32] tests\unit\models\LoginFormTest::testLoginCorrect.INFO: PASSED [] []
[2014-05-04 10:41:38] tests\unit\models\AccountFormTest::testUpdateUser.INFO: PASSED [] []
[2014-05-04 10:41:40] tests\unit\models\ContactFormTest::testSendGuest.INFO: PASSED [] []
[2014-05-04 10:41:43] tests\unit\models\ContactFormTest::testPrefillUser.INFO: PASSED [] []
[2014-05-04 10:41:46] tests\unit\models\ContactFormTest::testMissingEmail.INFO: PASSED [] []
[2014-05-04 10:41:48] tests\unit\models\ContactFormTest::testWrongCaptcha.INFO: PASSED [] []
[2014-05-04 10:41:48] tests\unit\models\EmailReplyFormTest::testConstructor.INFO: PASSED [] []
[2014-05-04 10:41:49] tests\unit\models\EmailReplyFormTest::testDefaultSubject.ALERT: Missing argument 1 for app\models\forms\EmailReplyForm::__construct(), called in /var/www/dev/seen/tests/unit/models/EmailReplyFormTest.php on line 44 and defined [] []
[2014-05-04 10:41:49] tests\unit\models\EmailReplyFormTest::testDefaultSubject.INFO: # ERROR # [] []
[2014-05-04 10:41:49] tests\unit\models\EmailReplyFormTest::testDefaultSubject.INFO: PASSED [] []
[2014-05-04 10:41:51] tests\unit\models\LoginFormTest::testLoginNoUser.INFO: PASSED [] []
[2014-05-04 10:41:54] tests\unit\models\LoginFormTest::testLoginWrongPassword.INFO: PASSED [] []
[2014-05-04 10:41:57] tests\unit\models\LoginFormTest::testLoginCorrect.INFO: PASSED [] []
[2014-05-04 10:42:26] tests\unit\models\AccountFormTest::testUpdateUser.INFO: PASSED [] []
[2014-05-04 10:42:28] tests\unit\models\ContactFormTest::testSendGuest.INFO: PASSED [] []
[2014-05-04 10:42:31] tests\unit\models\ContactFormTest::testPrefillUser.INFO: PASSED [] []
[2014-05-04 10:42:34] tests\unit\models\ContactFormTest::testMissingEmail.INFO: PASSED [] []
[2014-05-04 10:42:36] tests\unit\models\ContactFormTest::testWrongCaptcha.INFO: PASSED [] []
[2014-05-04 10:42:36] tests\unit\models\EmailReplyFormTest::testConstructor.INFO: PASSED [] []
[2014-05-04 10:42:36] tests\unit\models\EmailReplyFormTest::testDefaultSubject.ALERT: Undefined variable: mode [] []
[2014-05-04 10:42:36] tests\unit\models\EmailReplyFormTest::testDefaultSubject.INFO: # ERROR # [] []
[2014-05-04 10:42:36] tests\unit\models\EmailReplyFormTest::testDefaultSubject.INFO: PASSED [] []
[2014-05-04 10:42:39] tests\unit\models\LoginFormTest::testLoginNoUser.INFO: PASSED [] []
[2014-05-04 10:42:42] tests\unit\models\LoginFormTest::testLoginWrongPassword.INFO: PASSED [] []
[2014-05-04 10:42:45] tests\unit\models\LoginFormTest::testLoginCorrect.INFO: PASSED [] []
[2014-05-04 10:43:19] tests\unit\models\AccountFormTest::testUpdateUser.INFO: PASSED [] []
[2014-05-04 10:43:21] tests\unit\models\ContactFormTest::testSendGuest.INFO: PASSED [] []
[2014-05-04 10:43:24] tests\unit\models\ContactFormTest::testPrefillUser.INFO: PASSED [] []
[2014-05-04 10:43:26] tests\unit\models\ContactFormTest::testMissingEmail.INFO: PASSED [] []
[2014-05-04 10:43:29] tests\unit\models\ContactFormTest::testWrongCaptcha.INFO: PASSED [] []
[2014-05-04 10:43:29] tests\unit\models\EmailReplyFormTest::testConstructor.INFO: PASSED [] []
[2014-05-04 10:43:29] tests\unit\models\EmailReplyFormTest::testDefaultSubject.ALERT: Failed asserting that false is true. [] []
[2014-05-04 10:43:29] tests\unit\models\EmailReplyFormTest::testDefaultSubject.INFO: # FAILED # [] []
[2014-05-04 10:43:29] tests\unit\models\EmailReplyFormTest::testDefaultSubject.INFO: PASSED [] []
[2014-05-04 10:43:29] tests\unit\models\EmailReplyFormTest::testReply.ALERT: Trying to get property of non-object [] []
[2014-05-04 10:43:29] tests\unit\models\EmailReplyFormTest::testReply.INFO: # ERROR # [] []
[2014-05-04 10:43:29] tests\unit\models\EmailReplyFormTest::testReply.INFO: PASSED [] []
[2014-05-04 10:43:32] tests\unit\models\LoginFormTest::testLoginNoUser.INFO: PASSED [] []
[2014-05-04 10:43:35] tests\unit\models\LoginFormTest::testLoginWrongPassword.INFO: PASSED [] []
[2014-05-04 10:43:38] tests\unit\models\LoginFormTest::testLoginCorrect.INFO: PASSED [] []
[2014-05-04 10:45:52] tests\unit\models\AccountFormTest::testUpdateUser.INFO: PASSED [] []
[2014-05-04 10:45:55] tests\unit\models\ContactFormTest::testSendGuest.INFO: PASSED [] []
[2014-05-04 10:45:58] tests\unit\models\ContactFormTest::testPrefillUser.INFO: PASSED [] []
[2014-05-04 10:46:00] tests\unit\models\ContactFormTest::testMissingEmail.INFO: PASSED [] []
[2014-05-04 10:46:03] tests\unit\models\ContactFormTest::testWrongCaptcha.INFO: PASSED [] []
[2014-05-04 10:46:03] tests\unit\models\EmailReplyFormTest::testConstructor.INFO: PASSED [] []
[2014-05-04 10:46:03] tests\unit\models\EmailReplyFormTest::testDefaultSubject.ALERT: Failed asserting that false is true. [] []
[2014-05-04 10:46:03] tests\unit\models\EmailReplyFormTest::testDefaultSubject.INFO: # FAILED # [] []
[2014-05-04 10:46:03] tests\unit\models\EmailReplyFormTest::testDefaultSubject.INFO: PASSED [] []
[2014-05-04 10:46:03] tests\unit\models\EmailReplyFormTest::testReply.ALERT: Trying to get property of non-object [] []
[2014-05-04 10:46:03] tests\unit\models\EmailReplyFormTest::testReply.INFO: # ERROR # [] []
[2014-05-04 10:46:03] tests\unit\models\EmailReplyFormTest::testReply.INFO: PASSED [] []
[2014-05-04 10:46:06] tests\unit\models\LoginFormTest::testLoginNoUser.INFO: PASSED [] []
[2014-05-04 10:46:09] tests\unit\models\LoginFormTest::testLoginWrongPassword.INFO: PASSED [] []
[2014-05-04 10:46:12] tests\unit\models\LoginFormTest::testLoginCorrect.INFO: PASSED [] []
[2014-05-04 10:48:56] tests\unit\models\AccountFormTest::testUpdateUser.INFO: PASSED [] []
[2014-05-04 10:48:58] tests\unit\models\ContactFormTest::testSendGuest.INFO: PASSED [] []
[2014-05-04 10:49:01] tests\unit\models\ContactFormTest::testPrefillUser.INFO: PASSED [] []
[2014-05-04 10:49:03] tests\unit\models\ContactFormTest::testMissingEmail.INFO: PASSED [] []
[2014-05-04 10:49:06] tests\unit\models\ContactFormTest::testWrongCaptcha.INFO: PASSED [] []
[2014-05-04 10:49:06] tests\unit\models\EmailReplyFormTest::testConstructor.INFO: PASSED [] []
[2014-05-04 10:49:06] tests\unit\models\EmailReplyFormTest::testDefaultSubject.ALERT: Failed asserting that false is true. [] []
[2014-05-04 10:49:06] tests\unit\models\EmailReplyFormTest::testDefaultSubject.INFO: # FAILED # [] []
[2014-05-04 10:49:06] tests\unit\models\EmailReplyFormTest::testDefaultSubject.INFO: PASSED [] []
[2014-05-04 10:49:06] tests\unit\models\EmailReplyFormTest::testReplyNoUser.INFO: PASSED [] []
[2014-05-04 10:49:06] tests\unit\models\EmailReplyFormTest::testReplyUser.INFO: PASSED [] []
[2014-05-04 10:49:09] tests\unit\models\LoginFormTest::testLoginNoUser.INFO: PASSED [] []
[2014-05-04 10:49:12] tests\unit\models\LoginFormTest::testLoginWrongPassword.INFO: PASSED [] []
[2014-05-04 10:49:16] tests\unit\models\LoginFormTest::testLoginCorrect.INFO: PASSED [] []
[2014-05-04 10:51:38] tests\unit\models\AccountFormTest::testUpdateUser.INFO: PASSED [] []
[2014-05-04 10:51:41] tests\unit\models\ContactFormTest::testSendGuest.INFO: PASSED [] []
[2014-05-04 10:51:43] tests\unit\models\ContactFormTest::testPrefillUser.INFO: PASSED [] []
[2014-05-04 10:51:46] tests\unit\models\ContactFormTest::testMissingEmail.INFO: PASSED [] []
[2014-05-04 10:51:48] tests\unit\models\ContactFormTest::testWrongCaptcha.INFO: PASSED [] []
[2014-05-04 10:51:49] tests\unit\models\EmailReplyFormTest::testConstructor.INFO: PASSED [] []
[2014-05-04 10:51:49] tests\unit\models\EmailReplyFormTest::testDefaultSubject.INFO: PASSED [] []
[2014-05-04 10:51:49] tests\unit\models\EmailReplyFormTest::testReplyNoUser.INFO: PASSED [] []
[2014-05-04 10:51:49] tests\unit\models\EmailReplyFormTest::testReplyUser.INFO: PASSED [] []
[2014-05-04 10:51:51] tests\unit\models\LoginFormTest::testLoginNoUser.INFO: PASSED [] []
[2014-05-04 10:51:54] tests\unit\models\LoginFormTest::testLoginWrongPassword.INFO: PASSED [] []
[2014-05-04 10:51:57] tests\unit\models\LoginFormTest::testLoginCorrect.INFO: PASSED [] []
[2014-05-04 10:53:15] tests\unit\models\AccountFormTest::testUpdateUser.INFO: PASSED [] []
[2014-05-04 10:53:18] tests\unit\models\ContactFormTest::testSendGuest.INFO: PASSED [] []
[2014-05-04 10:53:20] tests\unit\models\ContactFormTest::testPrefillUser.INFO: PASSED [] []
[2014-05-04 10:53:23] tests\unit\models\ContactFormTest::testMissingEmail.INFO: PASSED [] []
[2014-05-04 10:53:25] tests\unit\models\ContactFormTest::testWrongCaptcha.INFO: PASSED [] []
[2014-05-04 10:53:26] tests\unit\models\EmailReplyFormTest::testConstructor.INFO: PASSED [] []
[2014-05-04 10:53:26] tests\unit\models\EmailReplyFormTest::testDefaultSubject.INFO: PASSED [] []
[2014-05-04 10:53:26] tests\unit\models\EmailReplyFormTest::testReplyNoUser.INFO: PASSED [] []
[2014-05-04 10:53:26] tests\unit\models\EmailReplyFormTest::testReplyUser.INFO: PASSED [] []
[2014-05-04 10:53:26] tests\unit\models\EmailReplyFormTest::testValidation.INFO: PASSED [] []
[2014-05-04 10:53:29] tests\unit\models\LoginFormTest::testLoginNoUser.INFO: PASSED [] []
[2014-05-04 10:53:31] tests\unit\models\LoginFormTest::testLoginWrongPassword.INFO: PASSED [] []
[2014-05-04 10:53:34] tests\unit\models\LoginFormTest::testLoginCorrect.INFO: PASSED [] []
